[debug] ----------------------------------------------------------------------
[debug] Command:      /usr/bin/nodejs /usr/local/bin/firebase deploy
[debug] CLI Version:  3.2.0
[debug] Platform:     linux
[debug] Node Version: v4.2.6
[debug] Time:         Fri Dec 30 2016 18:40:31 GMT+0400 (+04)
[debug] ----------------------------------------------------------------------
[debug] 
[debug] > command requires scopes: ["email","openid","https://www.googleapis.com/auth/cloudplatformprojects.readonly","https://www.googleapis.com/auth/firebase"]
[debug] >>> HTTP REQUEST GET https://admin.firebase.com/v1/projects/grade-calculator-1a84d 
[debug] <<< HTTP RESPONSE 200
[debug] >>> HTTP REQUEST GET https://admin.firebase.com/v1/database/grade-calculator-1a84d/tokens 
[debug] <<< HTTP RESPONSE 200
[info] 
[info] === Deploying to 'grade-calculator-1a84d'...
[info] 
[info] i  deploying database, hosting
[info] ✔  database: rules ready to deploy.
[info] i  hosting: preparing public directory for upload...
[debug] >>> HTTP REQUEST PUT https://deploy.firebase.com/v1/hosting/grade-calculator-1a84d/uploads/-K_FADF2yWEj2KPzi2ph?fileCount=412&message= 
